2023/08/08 16:05:33 [notice] 1#1: using the "epoll" event method
2023/08/08 16:05:33 [notice] 1#1: nginx/1.24.0
2023/08/08 16:05:33 [notice] 1#1: built by gcc 12.2.1 20220924 (Alpine 12.2.1_git20220924-r4) 
2023/08/08 16:05:33 [notice] 1#1: OS: Linux 6.2.0-26-generic
2023/08/08 16:05:33 [notice] 1#1: getrlimit(RLIMIT_NOFILE): 1048576:1048576
2023/08/08 16:05:33 [notice] 1#1: start worker processes
2023/08/08 16:05:33 [notice] 1#1: start worker process 20
2023/08/08 16:13:06 [notice] 1#1: signal 3 (SIGQUIT) received, shutting down
2023/08/08 16:13:06 [notice] 20#20: gracefully shutting down
2023/08/08 16:13:06 [notice] 20#20: exiting
2023/08/08 16:13:06 [notice] 20#20: exit
2023/08/08 16:13:06 [notice] 1#1: signal 17 (SIGCHLD) received from 20
2023/08/08 16:13:06 [notice] 1#1: worker process 20 exited with code 0
2023/08/08 16:13:06 [notice] 1#1: exit
2023/08/08 16:14:30 [notice] 1#1: using the "epoll" event method
2023/08/08 16:14:30 [notice] 1#1: nginx/1.24.0
2023/08/08 16:14:30 [notice] 1#1: built by gcc 12.2.1 20220924 (Alpine 12.2.1_git20220924-r4) 
2023/08/08 16:14:30 [notice] 1#1: OS: Linux 6.2.0-26-generic
2023/08/08 16:14:30 [notice] 1#1: getrlimit(RLIMIT_NOFILE): 1048576:1048576
2023/08/08 16:14:30 [notice] 1#1: start worker processes
2023/08/08 16:14:30 [notice] 1#1: start worker process 19
2023/08/08 16:16:41 [notice] 1#1: signal 3 (SIGQUIT) received, shutting down
2023/08/08 16:16:41 [notice] 19#19: gracefully shutting down
2023/08/08 16:16:41 [notice] 19#19: exiting
2023/08/08 16:16:41 [notice] 19#19: exit
2023/08/08 16:16:41 [notice] 1#1: signal 17 (SIGCHLD) received from 19
2023/08/08 16:16:41 [notice] 1#1: worker process 19 exited with code 0
2023/08/08 16:16:41 [notice] 1#1: exit
2023/08/08 16:17:53 [notice] 1#1: using the "epoll" event method
2023/08/08 16:17:53 [notice] 1#1: nginx/1.24.0
2023/08/08 16:17:53 [notice] 1#1: built by gcc 12.2.1 20220924 (Alpine 12.2.1_git20220924-r4) 
2023/08/08 16:17:53 [notice] 1#1: OS: Linux 6.2.0-26-generic
2023/08/08 16:17:53 [notice] 1#1: getrlimit(RLIMIT_NOFILE): 1048576:1048576
2023/08/08 16:17:53 [notice] 1#1: start worker processes
2023/08/08 16:17:53 [notice] 1#1: start worker process 20
2023/08/08 16:23:13 [notice] 1#1: signal 3 (SIGQUIT) received, shutting down
2023/08/08 16:23:13 [notice] 20#20: gracefully shutting down
2023/08/08 16:23:13 [notice] 20#20: exiting
2023/08/08 16:23:13 [notice] 20#20: exit
2023/08/08 16:23:13 [notice] 1#1: signal 17 (SIGCHLD) received from 20
2023/08/08 16:23:13 [notice] 1#1: worker process 20 exited with code 0
2023/08/08 16:23:13 [notice] 1#1: exit
2023/08/08 16:23:43 [notice] 1#1: using the "epoll" event method
2023/08/08 16:23:43 [notice] 1#1: nginx/1.24.0
2023/08/08 16:23:43 [notice] 1#1: built by gcc 12.2.1 20220924 (Alpine 12.2.1_git20220924-r4) 
2023/08/08 16:23:43 [notice] 1#1: OS: Linux 6.2.0-26-generic
2023/08/08 16:23:43 [notice] 1#1: getrlimit(RLIMIT_NOFILE): 1048576:1048576
2023/08/08 16:23:43 [notice] 1#1: start worker processes
2023/08/08 16:23:43 [notice] 1#1: start worker process 19
2023/08/08 16:28:27 [notice] 1#1: signal 3 (SIGQUIT) received, shutting down
2023/08/08 16:28:27 [notice] 19#19: gracefully shutting down
2023/08/08 16:28:27 [notice] 19#19: exiting
2023/08/08 16:28:27 [notice] 19#19: exit
2023/08/08 16:28:27 [notice] 1#1: signal 17 (SIGCHLD) received from 19
2023/08/08 16:28:27 [notice] 1#1: worker process 19 exited with code 0
2023/08/08 16:28:27 [notice] 1#1: exit
2023/08/08 16:45:17 [notice] 1#1: using the "epoll" event method
2023/08/08 16:45:17 [notice] 1#1: nginx/1.24.0
2023/08/08 16:45:17 [notice] 1#1: built by gcc 12.2.1 20220924 (Alpine 12.2.1_git20220924-r4) 
2023/08/08 16:45:17 [notice] 1#1: OS: Linux 6.2.0-26-generic
2023/08/08 16:45:17 [notice] 1#1: getrlimit(RLIMIT_NOFILE): 1048576:1048576
2023/08/08 16:45:17 [notice] 1#1: start worker processes
2023/08/08 16:45:17 [notice] 1#1: start worker process 20
2023/08/08 16:54:16 [notice] 1#1: signal 3 (SIGQUIT) received, shutting down
2023/08/08 16:54:16 [notice] 20#20: gracefully shutting down
2023/08/08 16:54:16 [notice] 20#20: exiting
2023/08/08 16:54:16 [notice] 20#20: exit
2023/08/08 16:54:16 [notice] 1#1: signal 17 (SIGCHLD) received from 20
2023/08/08 16:54:16 [notice] 1#1: worker process 20 exited with code 0
2023/08/08 16:54:16 [notice] 1#1: exit
2023/08/08 17:05:40 [notice] 1#1: using the "epoll" event method
2023/08/08 17:05:40 [notice] 1#1: nginx/1.24.0
2023/08/08 17:05:40 [notice] 1#1: built by gcc 12.2.1 20220924 (Alpine 12.2.1_git20220924-r4) 
2023/08/08 17:05:40 [notice] 1#1: OS: Linux 6.2.0-26-generic
2023/08/08 17:05:40 [notice] 1#1: getrlimit(RLIMIT_NOFILE): 1048576:1048576
2023/08/08 17:05:40 [notice] 1#1: start worker processes
2023/08/08 17:05:40 [notice] 1#1: start worker process 20
2023/08/08 17:11:37 [notice] 1#1: signal 3 (SIGQUIT) received, shutting down
2023/08/08 17:11:37 [notice] 20#20: gracefully shutting down
2023/08/08 17:11:37 [notice] 20#20: exiting
2023/08/08 17:11:37 [notice] 20#20: exit
2023/08/08 17:11:37 [notice] 1#1: signal 17 (SIGCHLD) received from 20
2023/08/08 17:11:37 [notice] 1#1: worker process 20 exited with code 0
2023/08/08 17:11:37 [notice] 1#1: exit
2023/08/08 17:28:34 [notice] 1#1: using the "epoll" event method
2023/08/08 17:28:34 [notice] 1#1: nginx/1.24.0
2023/08/08 17:28:34 [notice] 1#1: built by gcc 12.2.1 20220924 (Alpine 12.2.1_git20220924-r4) 
2023/08/08 17:28:34 [notice] 1#1: OS: Linux 6.2.0-26-generic
2023/08/08 17:28:34 [notice] 1#1: getrlimit(RLIMIT_NOFILE): 1048576:1048576
2023/08/08 17:28:34 [notice] 1#1: start worker processes
2023/08/08 17:28:34 [notice] 1#1: start worker process 20
2023/08/08 17:35:41 [notice] 1#1: signal 3 (SIGQUIT) received, shutting down
2023/08/08 17:35:41 [notice] 20#20: gracefully shutting down
2023/08/08 17:35:41 [notice] 20#20: exiting
2023/08/08 17:35:41 [notice] 20#20: exit
2023/08/08 17:35:41 [notice] 1#1: signal 17 (SIGCHLD) received from 20
2023/08/08 17:35:41 [notice] 1#1: worker process 20 exited with code 0
2023/08/08 17:35:41 [notice] 1#1: exit
